11 25, 12 - 22:44:15
$ /home/icy/Dropbox/code/Git/RGSS3-MACL/src/gm-classes/_local_require.rb
$ /home/icy/Dropbox/code/Git/RGSS3-MACL/src/gm-modules/_local_require.rb
$ /home/icy/Dropbox/code/Git/RGSS3-MACL/src/macl/_local_require.rb
$ /home/icy/Dropbox/code/Git/RGSS3-MACL/src/rgss-core-ex/_local_require.rb
$ /home/icy/Dropbox/code/Git/RGSS3-MACL/src/rgss-ex/_local_require.rb
$ /home/icy/Dropbox/code/Git/RGSS3-MACL/src/rpg-ex/_local_require.rb
$ /home/icy/Dropbox/code/Git/RGSS3-MACL/src/std-lib-ex/_local_require.rb
$ /home/icy/Dropbox/code/Git/RGSS3-MACL/src/xpan-lib/_local_require.rb
$ /home/icy/Dropbox/code/Git/RGSS3-MACL/src/gm-classes/game-character.rb
$ /home/icy/Dropbox/code/Git/RGSS3-MACL/src/gm-classes/game-event.rb
$ /home/icy/Dropbox/code/Git/RGSS3-MACL/src/gm-classes/game-map.rb
$ /home/icy/Dropbox/code/Git/RGSS3-MACL/src/gm-classes/game-switches.rb
$ /home/icy/Dropbox/code/Git/RGSS3-MACL/src/gm-classes/game-variables.rb
$ /home/icy/Dropbox/code/Git/RGSS3-MACL/src/gm-modules/map-manager.rb
$ /home/icy/Dropbox/code/Git/RGSS3-MACL/src/gm-modules/scene-manager.rb
$ /home/icy/Dropbox/code/Git/RGSS3-MACL/src/macl/macl-constants.rb
$ /home/icy/Dropbox/code/Git/RGSS3-MACL/src/macl/macl-handle.rb
$ /home/icy/Dropbox/code/Git/RGSS3-MACL/src/macl/macl-mixins.rb
$ /home/icy/Dropbox/code/Git/RGSS3-MACL/src/macl/macl-parsers.rb
$ /home/icy/Dropbox/code/Git/RGSS3-MACL/src/macl/macl-registry.rb
$ /home/icy/Dropbox/code/Git/RGSS3-MACL/src/macl/macl-tail.rb
$ /home/icy/Dropbox/code/Git/RGSS3-MACL/src/macl/macl.rb
$ /home/icy/Dropbox/code/Git/RGSS3-MACL/src/rgss-core-ex/core-audio.rb
$ /home/icy/Dropbox/code/Git/RGSS3-MACL/src/rgss-core-ex/core-bitmap.rb
$ /home/icy/Dropbox/code/Git/RGSS3-MACL/src/rgss-core-ex/core-color.rb
$ /home/icy/Dropbox/code/Git/RGSS3-MACL/src/rgss-core-ex/core-font.rb
$ /home/icy/Dropbox/code/Git/RGSS3-MACL/src/rgss-core-ex/core-graphics.rb
$ /home/icy/Dropbox/code/Git/RGSS3-MACL/src/rgss-core-ex/core-input.rb
$ /home/icy/Dropbox/code/Git/RGSS3-MACL/src/rgss-core-ex/core-metric.rb
$ /home/icy/Dropbox/code/Git/RGSS3-MACL/src/rgss-core-ex/core-rect.rb
$ /home/icy/Dropbox/code/Git/RGSS3-MACL/src/rgss-core-ex/core-sprite.rb
$ /home/icy/Dropbox/code/Git/RGSS3-MACL/src/rgss-core-ex/core-table.rb
$ /home/icy/Dropbox/code/Git/RGSS3-MACL/src/rgss-core-ex/core-tone.rb
$ /home/icy/Dropbox/code/Git/RGSS3-MACL/src/rgss-core-ex/core-window.rb
! /home/icy/Dropbox/code/Git/RGSS3-MACL/src/rgss-ex/drawext-constants.rb
#<NoMethodError: undefined method `darken' for #<Color:0x00000001ccf640>>
$ /home/icy/Dropbox/code/Git/RGSS3-MACL/src/rgss-ex/drawext.rb
$ /home/icy/Dropbox/code/Git/RGSS3-MACL/src/rpg-ex/rpg-baseitem.rb
$ /home/icy/Dropbox/code/Git/RGSS3-MACL/src/rpg-ex/rpg-event-page.rb
$ /home/icy/Dropbox/code/Git/RGSS3-MACL/src/rpg-ex/rpg-map.rb
$ /home/icy/Dropbox/code/Git/RGSS3-MACL/src/std-lib-ex/array.rb
$ /home/icy/Dropbox/code/Git/RGSS3-MACL/src/std-lib-ex/enumerable.rb
$ /home/icy/Dropbox/code/Git/RGSS3-MACL/src/std-lib-ex/hash.rb
$ /home/icy/Dropbox/code/Git/RGSS3-MACL/src/std-lib-ex/kernel.rb
$ /home/icy/Dropbox/code/Git/RGSS3-MACL/src/std-lib-ex/matchdata.rb
$ /home/icy/Dropbox/code/Git/RGSS3-MACL/src/std-lib-ex/module.rb
$ /home/icy/Dropbox/code/Git/RGSS3-MACL/src/std-lib-ex/numeric.rb
$ /home/icy/Dropbox/code/Git/RGSS3-MACL/src/std-lib-ex/object.rb
$ /home/icy/Dropbox/code/Git/RGSS3-MACL/src/std-lib-ex/string.rb
$ /home/icy/Dropbox/code/Git/RGSS3-MACL/src/xpan-lib/archijust.rb
$ /home/icy/Dropbox/code/Git/RGSS3-MACL/src/xpan-lib/arraytable.rb
$ /home/icy/Dropbox/code/Git/RGSS3-MACL/src/xpan-lib/blaz.rb
$ /home/icy/Dropbox/code/Git/RGSS3-MACL/src/xpan-lib/chitat.rb
$ /home/icy/Dropbox/code/Git/RGSS3-MACL/src/xpan-lib/cube.rb
$ /home/icy/Dropbox/code/Git/RGSS3-MACL/src/xpan-lib/drool.rb
$ /home/icy/Dropbox/code/Git/RGSS3-MACL/src/xpan-lib/fifo.rb
! /home/icy/Dropbox/code/Git/RGSS3-MACL/src/xpan-lib/gamemanager-main.rb
#<LoadError: GameManager (Setup) is not installed>
$ /home/icy/Dropbox/code/Git/RGSS3-MACL/src/xpan-lib/geometry.rb
$ /home/icy/Dropbox/code/Git/RGSS3-MACL/src/xpan-lib/grid.rb
$ /home/icy/Dropbox/code/Git/RGSS3-MACL/src/xpan-lib/handlex.rb
$ /home/icy/Dropbox/code/Git/RGSS3-MACL/src/xpan-lib/hash-tconv.rb
$ /home/icy/Dropbox/code/Git/RGSS3-MACL/src/xpan-lib/hashnex.rb
$ /home/icy/Dropbox/code/Git/RGSS3-MACL/src/xpan-lib/interpolate.rb
$ /home/icy/Dropbox/code/Git/RGSS3-MACL/src/xpan-lib/morph.rb
$ /home/icy/Dropbox/code/Git/RGSS3-MACL/src/xpan-lib/orchestra.rb
$ /home/icy/Dropbox/code/Git/RGSS3-MACL/src/xpan-lib/pallete.rb
$ /home/icy/Dropbox/code/Git/RGSS3-MACL/src/xpan-lib/point.rb
$ /home/icy/Dropbox/code/Git/RGSS3-MACL/src/xpan-lib/pos.rb
$ /home/icy/Dropbox/code/Git/RGSS3-MACL/src/xpan-lib/sequen.rb
$ /home/icy/Dropbox/code/Git/RGSS3-MACL/src/xpan-lib/surface.rb
$ /home/icy/Dropbox/code/Git/RGSS3-MACL/src/xpan-lib/switchboard.rb
$ /home/icy/Dropbox/code/Git/RGSS3-MACL/src/xpan-lib/table-ex.rb
$ /home/icy/Dropbox/code/Git/RGSS3-MACL/src/xpan-lib/task.rb
$ /home/icy/Dropbox/code/Git/RGSS3-MACL/src/xpan-lib/tween-easers-ex.rb
$ /home/icy/Dropbox/code/Git/RGSS3-MACL/src/xpan-lib/tween-easers.rb
$ /home/icy/Dropbox/code/Git/RGSS3-MACL/src/xpan-lib/tween.rb
$ /home/icy/Dropbox/code/Git/RGSS3-MACL/src/xpan-lib/vector.rb
$ /home/icy/Dropbox/code/Git/RGSS3-MACL/src/xpan-lib/vectrix.rb
