25-07-2012 (12:22) >> C:/Lib/Git/RGSS3-MACL/_GMCLSPTH/game-map.rb
25-07-2012 (12:22) >> C:/Lib/Git/RGSS3-MACL/_GMCLSPTH/game-character.rb
25-07-2012 (12:22) >> C:/Lib/Git/RGSS3-MACL/_GMCLSPTH/game-event.rb
25-07-2012 (12:22) >> C:/Lib/Git/RGSS3-MACL/_GMCLSPTH/game-switches.rb
25-07-2012 (12:22) >> C:/Lib/Git/RGSS3-MACL/_GMCLSPTH/game-variables.rb
25-07-2012 (12:22) >> C:/Lib/Git/RGSS3-MACL/_GMMODPTH/SceneManager.rb
25-07-2012 (12:22) >> C:/Lib/Git/RGSS3-MACL/_GMMODPTH/MapManager.rb
25-07-2012 (12:22) >> C:/Lib/Git/RGSS3-MACL/_RPGPTH/rpg-baseitem.rb
25-07-2012 (12:22) >> C:/Lib/Git/RGSS3-MACL/_RPGPTH/rpg-map.rb
25-07-2012 (12:22) >> C:/Lib/Git/RGSS3-MACL/_RPGPTH/rpg-event-page.rb
25-07-2012 (12:22) >> C:/Lib/Git/RGSS3-MACL/_C:/Lib/Git/RGSS3-MACL/src/StandardLibEx/Object_Ex.rb
25-07-2012 (12:22) >> C:/Lib/Git/RGSS3-MACL/_C:/Lib/Git/RGSS3-MACL/src/StandardLibEx/Module_Ex.rb
25-07-2012 (12:22) >> C:/Lib/Git/RGSS3-MACL/_C:/Lib/Git/RGSS3-MACL/src/StandardLibEx/Kernel_Ex.rb
25-07-2012 (12:22) >> C:/Lib/Git/RGSS3-MACL/_C:/Lib/Git/RGSS3-MACL/src/StandardLibEx/Numeric_Ex.rb
25-07-2012 (12:22) >> C:/Lib/Git/RGSS3-MACL/_C:/Lib/Git/RGSS3-MACL/src/StandardLibEx/String_Ex.rb
25-07-2012 (12:22) >> C:/Lib/Git/RGSS3-MACL/_C:/Lib/Git/RGSS3-MACL/src/StandardLibEx/Array_Ex.rb
25-07-2012 (12:22) >> C:/Lib/Git/RGSS3-MACL/_C:/Lib/Git/RGSS3-MACL/src/StandardLibEx/Hash_Ex.rb
25-07-2012 (12:22) >> C:/Lib/Git/RGSS3-MACL/_C:/Lib/Git/RGSS3-MACL/src/StandardLibEx/MatchData_Ex.rb
25-07-2012 (12:22) >> C:/Lib/Git/RGSS3-MACL/_GMCLSPTH/game-map.rb
25-07-2012 (12:22) >> C:/Lib/Git/RGSS3-MACL/_GMCLSPTH/game-character.rb
25-07-2012 (12:22) >> C:/Lib/Git/RGSS3-MACL/_GMCLSPTH/game-event.rb
25-07-2012 (12:22) >> C:/Lib/Git/RGSS3-MACL/_GMCLSPTH/game-switches.rb
25-07-2012 (12:22) >> C:/Lib/Git/RGSS3-MACL/_GMCLSPTH/game-variables.rb
25-07-2012 (12:22) >> C:/Lib/Git/RGSS3-MACL/_GMMODPTH/SceneManager.rb
25-07-2012 (12:22) >> C:/Lib/Git/RGSS3-MACL/_GMMODPTH/MapManager.rb
25-07-2012 (12:22) >> C:/Lib/Git/RGSS3-MACL/_RPGPTH/rpg-baseitem.rb
25-07-2012 (12:22) >> C:/Lib/Git/RGSS3-MACL/_RPGPTH/rpg-map.rb
25-07-2012 (12:22) >> C:/Lib/Git/RGSS3-MACL/_RPGPTH/rpg-event-page.rb
25-07-2012 (12:22) >> C:/Lib/Git/RGSS3-MACL/_C:/Lib/Git/RGSS3-MACL/src/StandardLibEx/Object_Ex.rb
25-07-2012 (12:22) >> C:/Lib/Git/RGSS3-MACL/_C:/Lib/Git/RGSS3-MACL/src/StandardLibEx/Module_Ex.rb
25-07-2012 (12:22) >> C:/Lib/Git/RGSS3-MACL/_C:/Lib/Git/RGSS3-MACL/src/StandardLibEx/Kernel_Ex.rb
25-07-2012 (12:22) >> C:/Lib/Git/RGSS3-MACL/_C:/Lib/Git/RGSS3-MACL/src/StandardLibEx/Numeric_Ex.rb
25-07-2012 (12:22) >> C:/Lib/Git/RGSS3-MACL/_C:/Lib/Git/RGSS3-MACL/src/StandardLibEx/String_Ex.rb
25-07-2012 (12:22) >> C:/Lib/Git/RGSS3-MACL/_C:/Lib/Git/RGSS3-MACL/src/StandardLibEx/Array_Ex.rb
25-07-2012 (12:22) >> C:/Lib/Git/RGSS3-MACL/_C:/Lib/Git/RGSS3-MACL/src/StandardLibEx/Hash_Ex.rb
25-07-2012 (12:22) >> C:/Lib/Git/RGSS3-MACL/_C:/Lib/Git/RGSS3-MACL/src/StandardLibEx/MatchData_Ex.rb
